
Feb 02, 2017 11:22:19.54 NEW SESSION
Feb 02, 2017 11:22:19.54 Created new window in existing browser session.
Feb 02, 2017 11:23:52.83 Created new window in existing browser session.
Feb 02, 2017 11:25:23.26 Created new window in existing browser session.
Feb 02, 2017 11:27:32.75 Created new window in existing browser session.
Feb 02, 2017 11:27:48.14 Created new window in existing browser session.
Feb 02, 2017 11:32:11.05 Created new window in existing browser session.
Feb 02, 2017 11:33:42.14 Created new window in existing browser session.
Feb 02, 2017 11:35:17.49 Created new window in existing browser session.
Feb 02, 2017 11:36:55.13 Created new window in existing browser session.
Feb 02, 2017 11:38:21.19 Created new window in existing browser session.
Feb 02, 2017 11:40:12.97 Created new window in existing browser session.
Feb 02, 2017 11:40:54.91 Created new window in existing browser session.
Feb 02, 2017 11:41:51.62 Created new window in existing browser session.
Feb 02, 2017 11:42:59.98 Created new window in existing browser session.
Feb 02, 2017 11:43:00.05 [10893:10893:0202/114300:ERROR:broker_posix.cc(41)] Invalid node channel message
Feb 02, 2017 11:44:24.94 Created new window in existing browser session.
Feb 02, 2017 11:44:55.73 Created new window in existing browser session.
Feb 02, 2017 11:48:09.76 Created new window in existing browser session.
Feb 02, 2017 11:51:37.28 Created new window in existing browser session.
Feb 02, 2017 11:54:09.09 Created new window in existing browser session.
Feb 02, 2017 11:55:16.92 Created new window in existing browser session.
Feb 02, 2017 12:01:37.97 Created new window in existing browser session.
Feb 02, 2017 12:04:50.48 Created new window in existing browser session.
Feb 02, 2017 12:09:18.88 Created new window in existing browser session.
Feb 02, 2017 12:09:54.06 Created new window in existing browser session.
Feb 02, 2017 12:10:57.70 Created new window in existing browser session.
Feb 02, 2017 12:13:44.25 Created new window in existing browser session.
Feb 02, 2017 12:14:48.83 Created new window in existing browser session.
Feb 02, 2017 12:20:37.21 Created new window in existing browser session.
Feb 02, 2017 12:25:39.52 Created new window in existing browser session.
Feb 02, 2017 12:26:43.68 Created new window in existing browser session.
Feb 02, 2017 12:29:25.67 Created new window in existing browser session.
Feb 02, 2017 12:36:11.20 Created new window in existing browser session.
Feb 02, 2017 12:37:44.97 Created new window in existing browser session.
Feb 02, 2017 12:39:53.45 Created new window in existing browser session.
Feb 02, 2017 12:41:50.13 Created new window in existing browser session.
Feb 02, 2017 12:44:25.85 Created new window in existing browser session.
Feb 02, 2017 12:48:37.14 Created new window in existing browser session.
Feb 02, 2017 12:49:16.95 Created new window in existing browser session.
Feb 02, 2017 12:50:00.97 Created new window in existing browser session.
Feb 02, 2017 12:50:40.07 Created new window in existing browser session.
Feb 02, 2017 12:53:08.70 Created new window in existing browser session.
Feb 02, 2017 12:54:59.67 Created new window in existing browser session.
Feb 02, 2017 13:00:31.38 Created new window in existing browser session.
Feb 02, 2017 13:01:26.88 Created new window in existing browser session.
Feb 02, 2017 13:03:47.61 Created new window in existing browser session.

Feb 02, 2017 15:39:25.58 NEW SESSION
Feb 02, 2017 15:39:25.58 Created new window in existing browser session.
Feb 02, 2017 15:42:00.49 Created new window in existing browser session.
Feb 02, 2017 15:43:15.15 Created new window in existing browser session.
Feb 02, 2017 15:52:56.43 Created new window in existing browser session.

Feb 02, 2017 16:16:21.07 NEW SESSION
Feb 02, 2017 16:16:21.08 Created new window in existing browser session.
Feb 02, 2017 16:29:50.12 Created new window in existing browser session.
Feb 02, 2017 16:31:20.75 Created new window in existing browser session.
Feb 02, 2017 17:08:43.47 Created new window in existing browser session.
Feb 02, 2017 17:43:02.06 Created new window in existing browser session.
Feb 02, 2017 17:46:17.54 Created new window in existing browser session.

Feb 02, 2017 17:57:08.12 NEW SESSION
Feb 02, 2017 17:57:08.12 Created new window in existing browser session.
Feb 02, 2017 17:58:40.73 Created new window in existing browser session.
Feb 02, 2017 18:02:27.66 Created new window in existing browser session.
Feb 02, 2017 18:05:46.35 Created new window in existing browser session.
Feb 02, 2017 18:14:41.64 Created new window in existing browser session.
Feb 02, 2017 18:15:34.59 Created new window in existing browser session.
Feb 02, 2017 18:16:57.77 Created new window in existing browser session.
Feb 02, 2017 18:17:42.55 Created new window in existing browser session.
Feb 02, 2017 18:18:47.83 Created new window in existing browser session.

Feb 02, 2017 18:44:30.99 NEW SESSION
Feb 02, 2017 18:44:30.99 Created new window in existing browser session.
Feb 02, 2017 18:45:26.70 Created new window in existing browser session.
Feb 02, 2017 18:47:52.00 Created new window in existing browser session.
Feb 02, 2017 18:49:44.59 Created new window in existing browser session.
Feb 02, 2017 18:57:11.95 Created new window in existing browser session.
Feb 02, 2017 19:01:03.96 Created new window in existing browser session.
Feb 02, 2017 19:07:15.80 Created new window in existing browser session.
Feb 02, 2017 19:07:55.34 Created new window in existing browser session.
Feb 02, 2017 19:10:15.87 Created new window in existing browser session.
Feb 02, 2017 19:11:33.85 Created new window in existing browser session.
Feb 02, 2017 19:14:25.68 Created new window in existing browser session.
Feb 02, 2017 19:20:52.22 Created new window in existing browser session.
Feb 02, 2017 19:20:52.34 [28118:28118:0202/192052:ERROR:broker_posix.cc(41)] Invalid node channel message

Feb 03, 2017 09:07:47.05 NEW SESSION
Feb 03, 2017 09:07:47.05 Created new window in existing browser session.
Feb 03, 2017 09:49:50.74 Created new window in existing browser session.
Feb 03, 2017 09:51:13.84 Created new window in existing browser session.
Feb 03, 2017 09:51:13.88 [16990:16990:0203/095113:ERROR:broker_posix.cc(41)] Invalid node channel message
Feb 03, 2017 09:52:12.08 Created new window in existing browser session.
Feb 03, 2017 11:20:38.64 Created new window in existing browser session.
Feb 03, 2017 11:21:03.79 Created new window in existing browser session.
Feb 03, 2017 11:22:32.61 Created new window in existing browser session.
Feb 03, 2017 11:23:21.79 Created new window in existing browser session.
Feb 03, 2017 11:25:51.37 Created new window in existing browser session.
Feb 03, 2017 11:27:11.76 Created new window in existing browser session.
Feb 03, 2017 11:30:17.99 Created new window in existing browser session.
Feb 03, 2017 11:33:08.92 Created new window in existing browser session.
Feb 03, 2017 11:35:19.60 Created new window in existing browser session.
Feb 03, 2017 11:38:57.53 Created new window in existing browser session.
Feb 03, 2017 11:40:52.26 Created new window in existing browser session.
Feb 03, 2017 11:44:39.09 Created new window in existing browser session.
Feb 03, 2017 11:45:58.36 Created new window in existing browser session.
Feb 03, 2017 11:46:51.85 Created new window in existing browser session.
Feb 03, 2017 11:47:52.72 Created new window in existing browser session.
Feb 03, 2017 11:54:37.83 Created new window in existing browser session.
Feb 03, 2017 11:55:14.95 Created new window in existing browser session.
Feb 03, 2017 12:02:09.19 Created new window in existing browser session.
Feb 03, 2017 12:11:15.88 Created new window in existing browser session.
Feb 03, 2017 12:12:03.39 Created new window in existing browser session.

Feb 03, 2017 12:17:59.83 NEW SESSION
Feb 03, 2017 12:17:59.83 Created new window in existing browser session.
Feb 03, 2017 12:54:55.17 Created new window in existing browser session.
Feb 03, 2017 12:58:26.82 Created new window in existing browser session.
Feb 03, 2017 13:00:33.32 Created new window in existing browser session.
Feb 03, 2017 13:01:58.79 Created new window in existing browser session.
Feb 03, 2017 13:05:25.45 Created new window in existing browser session.
Feb 03, 2017 13:09:31.49 Created new window in existing browser session.
Feb 03, 2017 13:14:16.22 Created new window in existing browser session.
Feb 03, 2017 13:15:53.48 Created new window in existing browser session.
Feb 03, 2017 13:17:25.63 Created new window in existing browser session.
Feb 03, 2017 13:22:33.46 Created new window in existing browser session.
Feb 03, 2017 13:30:26.31 Created new window in existing browser session.
Feb 03, 2017 14:38:24.34 Created new window in existing browser session.
Feb 03, 2017 14:38:33.83 Created new window in existing browser session.
Feb 03, 2017 14:41:23.51 Created new window in existing browser session.
Feb 03, 2017 14:46:16.30 Created new window in existing browser session.
Feb 03, 2017 14:49:01.25 Created new window in existing browser session.
Feb 03, 2017 14:54:11.91 Created new window in existing browser session.
Feb 03, 2017 14:55:04.99 Created new window in existing browser session.
Feb 03, 2017 14:58:27.67 Created new window in existing browser session.
Feb 03, 2017 14:59:13.67 Created new window in existing browser session.
Feb 03, 2017 15:01:20.30 Created new window in existing browser session.
Feb 03, 2017 15:10:55.70 Created new window in existing browser session.
Feb 03, 2017 15:11:46.92 Created new window in existing browser session.
Feb 03, 2017 15:12:19.51 Created new window in existing browser session.
Feb 03, 2017 15:12:54.96 Created new window in existing browser session.
Feb 03, 2017 15:14:04.74 Created new window in existing browser session.
Feb 03, 2017 15:15:40.69 Created new window in existing browser session.
Feb 03, 2017 15:16:51.06 Created new window in existing browser session.
Feb 03, 2017 15:19:53.31 Created new window in existing browser session.
Feb 03, 2017 15:22:00.27 Created new window in existing browser session.
Feb 03, 2017 15:26:19.56 Created new window in existing browser session.
Feb 03, 2017 15:26:19.61 [29602:29602:0203/152619:ERROR:broker_posix.cc(41)] Invalid node channel message
Feb 03, 2017 15:27:44.95 Created new window in existing browser session.
Feb 03, 2017 15:28:17.26 Created new window in existing browser session.
Feb 03, 2017 15:29:25.56 Created new window in existing browser session.
Feb 03, 2017 15:29:56.42 Created new window in existing browser session.
Feb 03, 2017 15:32:29.53 Created new window in existing browser session.
Feb 03, 2017 15:36:19.39 Created new window in existing browser session.
Feb 03, 2017 15:36:44.14 Created new window in existing browser session.
Feb 03, 2017 15:37:17.80 Created new window in existing browser session.
Feb 03, 2017 15:38:44.89 Created new window in existing browser session.
Feb 03, 2017 15:40:28.54 Created new window in existing browser session.
Feb 03, 2017 15:40:28.68 [31302:31302:0203/154028:ERROR:broker_posix.cc(41)] Invalid node channel message
Feb 03, 2017 15:43:30.35 Created new window in existing browser session.
Feb 03, 2017 15:47:23.21 Created new window in existing browser session.
Feb 03, 2017 15:47:56.91 Created new window in existing browser session.
Feb 03, 2017 15:52:10.52 Created new window in existing browser session.
Feb 03, 2017 15:54:32.03 Created new window in existing browser session.
Feb 03, 2017 15:56:54.00 Created new window in existing browser session.
Feb 03, 2017 15:59:39.98 Created new window in existing browser session.
Feb 03, 2017 16:06:07.77 Created new window in existing browser session.
Feb 03, 2017 16:21:19.51 Created new window in existing browser session.
Feb 03, 2017 16:21:42.57 Created new window in existing browser session.
Feb 03, 2017 16:29:27.16 Created new window in existing browser session.
Feb 03, 2017 16:30:57.24 Created new window in existing browser session.
Feb 03, 2017 16:32:32.64 Created new window in existing browser session.
Feb 03, 2017 16:36:01.17 Created new window in existing browser session.
Feb 03, 2017 16:37:07.94 Created new window in existing browser session.
Feb 03, 2017 16:40:30.56 Created new window in existing browser session.
Feb 03, 2017 16:41:13.49 Created new window in existing browser session.
Feb 03, 2017 16:47:04.22 Created new window in existing browser session.
Feb 03, 2017 16:48:20.75 Created new window in existing browser session.
Feb 03, 2017 16:52:00.67 Created new window in existing browser session.
Feb 03, 2017 16:54:22.02 Created new window in existing browser session.
Feb 03, 2017 16:58:14.42 Created new window in existing browser session.
Feb 03, 2017 17:00:21.91 Created new window in existing browser session.
Feb 03, 2017 17:01:32.12 Created new window in existing browser session.
Feb 03, 2017 17:04:20.17 Created new window in existing browser session.
Feb 03, 2017 17:07:53.17 Created new window in existing browser session.
Feb 03, 2017 17:08:21.16 Created new window in existing browser session.
Feb 03, 2017 17:12:54.57 Created new window in existing browser session.
Feb 03, 2017 17:44:39.98 Created new window in existing browser session.
Feb 03, 2017 17:44:40.05 [4970:4970:0203/174440:ERROR:broker_posix.cc(41)] Invalid node channel message
Feb 03, 2017 17:45:19.02 Created new window in existing browser session.
Feb 03, 2017 17:45:19.06 [5122:5122:0203/174519:ERROR:broker_posix.cc(41)] Invalid node channel message
Feb 03, 2017 18:18:39.04 Created new window in existing browser session.
Feb 03, 2017 18:19:41.31 Created new window in existing browser session.
Feb 03, 2017 18:39:40.63 Created new window in existing browser session.
Feb 03, 2017 18:40:04.69 Created new window in existing browser session.
Feb 03, 2017 18:51:34.84 Created new window in existing browser session.
Feb 03, 2017 19:14:19.37 Created new window in existing browser session.

Feb 04, 2017 10:55:59.67 NEW SESSION
Feb 04, 2017 10:55:59.67 Created new window in existing browser session.
Feb 04, 2017 11:19:07.82 Created new window in existing browser session.
Feb 04, 2017 11:22:38.74 Created new window in existing browser session.
Feb 04, 2017 11:32:33.84 Created new window in existing browser session.
Feb 04, 2017 11:36:01.42 Created new window in existing browser session.
Feb 04, 2017 11:37:31.02 Created new window in existing browser session.
Feb 04, 2017 11:40:51.39 
Feb 04, 2017 11:40:51.39 (nautilus:22720): GLib-GIO-CRITICAL **: g_dbus_interface_skeleton_unexport: assertion 'interface_->priv->connections != NULL' failed
Feb 04, 2017 11:40:51.39 
Feb 04, 2017 11:40:51.39 (nautilus:22720): GLib-GIO-CRITICAL **: g_dbus_interface_skeleton_unexport: assertion 'interface_->priv->connections != NULL' failed
Feb 04, 2017 11:40:51.39 
Feb 04, 2017 11:40:51.39 (nautilus:22720): Gtk-CRITICAL **: gtk_icon_theme_get_for_screen: assertion 'GDK_IS_SCREEN (screen)' failed
Feb 04, 2017 11:40:51.39 
Feb 04, 2017 11:40:51.39 (nautilus:22720): GLib-GObject-WARNING **: invalid (NULL) pointer instance
Feb 04, 2017 11:40:51.39 
Feb 04, 2017 11:40:51.39 (nautilus:22720): GLib-GObject-CRITICAL **: g_signal_connect_object: assertion 'G_TYPE_CHECK_INSTANCE (instance)' failed
Feb 04, 2017 11:42:10.82 
Feb 04, 2017 11:42:10.82 (nautilus:22962): GLib-GIO-CRITICAL **: g_dbus_interface_skeleton_unexport: assertion 'interface_->priv->connections != NULL' failed
Feb 04, 2017 11:42:10.82 
Feb 04, 2017 11:42:10.82 (nautilus:22962): GLib-GIO-CRITICAL **: g_dbus_interface_skeleton_unexport: assertion 'interface_->priv->connections != NULL' failed
Feb 04, 2017 11:42:10.82 
Feb 04, 2017 11:42:10.82 (nautilus:22962): Gtk-CRITICAL **: gtk_icon_theme_get_for_screen: assertion 'GDK_IS_SCREEN (screen)' failed
Feb 04, 2017 11:42:10.82 
Feb 04, 2017 11:42:10.82 (nautilus:22962): GLib-GObject-WARNING **: invalid (NULL) pointer instance
Feb 04, 2017 11:42:10.82 
Feb 04, 2017 11:42:10.83 (nautilus:22962): GLib-GObject-CRITICAL **: g_signal_connect_object: assertion 'G_TYPE_CHECK_INSTANCE (instance)' failed
Feb 04, 2017 11:45:05.08 Created new window in existing browser session.
Feb 04, 2017 11:46:32.82 Created new window in existing browser session.
Feb 04, 2017 11:48:26.79 Created new window in existing browser session.
Feb 04, 2017 11:52:58.32 Created new window in existing browser session.
Feb 04, 2017 11:54:26.74 [21814:21814:0204/115426:ERROR:navigation_entry_screenshot_manager.cc(141)] Invalid entry with unique id: 80
Feb 04, 2017 11:54:33.08 [21814:21814:0204/115433:ERROR:navigation_entry_screenshot_manager.cc(141)] Invalid entry with unique id: 82
Feb 04, 2017 11:54:49.82 Created new window in existing browser session.
Feb 04, 2017 11:57:08.57 Created new window in existing browser session.
Feb 04, 2017 12:33:41.05 Created new window in existing browser session.
Feb 04, 2017 12:34:26.30 Created new window in existing browser session.
Feb 04, 2017 12:37:34.37 Created new window in existing browser session.
Feb 04, 2017 12:43:27.71 Created new window in existing browser session.
Feb 04, 2017 12:45:16.26 Created new window in existing browser session.
Feb 04, 2017 12:47:33.55 Created new window in existing browser session.
Feb 04, 2017 12:47:33.57 [25870:25870:0204/124733:ERROR:broker_posix.cc(41)] Invalid node channel message
Feb 04, 2017 12:50:06.85 Created new window in existing browser session.
Feb 04, 2017 12:54:00.57 Created new window in existing browser session.
Feb 04, 2017 12:58:11.42 Created new window in existing browser session.
Feb 04, 2017 13:07:12.51 Created new window in existing browser session.
Feb 04, 2017 13:14:10.26 
Feb 04, 2017 13:14:10.26 (nautilus:27622): GLib-GIO-CRITICAL **: g_dbus_interface_skeleton_unexport: assertion 'interface_->priv->connections != NULL' failed
Feb 04, 2017 13:14:10.26 
Feb 04, 2017 13:14:10.26 (nautilus:27622): GLib-GIO-CRITICAL **: g_dbus_interface_skeleton_unexport: assertion 'interface_->priv->connections != NULL' failed
Feb 04, 2017 13:14:10.26 
Feb 04, 2017 13:14:10.26 (nautilus:27622): Gtk-CRITICAL **: gtk_icon_theme_get_for_screen: assertion 'GDK_IS_SCREEN (screen)' failed
Feb 04, 2017 13:14:10.26 
Feb 04, 2017 13:14:10.26 (nautilus:27622): GLib-GObject-WARNING **: invalid (NULL) pointer instance
Feb 04, 2017 13:14:10.26 
Feb 04, 2017 13:14:10.26 (nautilus:27622): GLib-GObject-CRITICAL **: g_signal_connect_object: assertion 'G_TYPE_CHECK_INSTANCE (instance)' failed
Feb 04, 2017 13:20:32.27 Created new window in existing browser session.
Feb 04, 2017 13:31:43.03 Created new window in existing browser session.
Feb 04, 2017 13:33:10.10 Created new window in existing browser session.
Feb 04, 2017 13:36:20.00 Created new window in existing browser session.
Feb 04, 2017 13:38:41.86 Created new window in existing browser session.
Feb 04, 2017 13:38:41.94 [28828:28828:0204/133841:ERROR:broker_posix.cc(41)] Invalid node channel message
Feb 04, 2017 13:39:29.71 Created new window in existing browser session.
Feb 04, 2017 13:40:28.18 Created new window in existing browser session.
Feb 04, 2017 13:41:27.91 Created new window in existing browser session.
Feb 04, 2017 14:39:17.51 Created new window in existing browser session.
Feb 04, 2017 14:49:49.03 Created new window in existing browser session.
Feb 04, 2017 14:59:43.30 Created new window in existing browser session.
Feb 04, 2017 15:00:58.42 Created new window in existing browser session.
Feb 04, 2017 15:02:12.59 Created new window in existing browser session.
Feb 04, 2017 15:05:14.80 A Parser-blocking, cross-origin script, https://cdn.optimizely.com/js/1053703113.js, is invoked via document.write. This may be blocked by the browser if the device has poor network connectivity. See https://www.chromestatus.com/feature/5718547946799104 for more details.
Feb 04, 2017 15:05:14.80 A Parser-blocking, cross-origin script, https://cdn.optimizely.com/js/1053703113.js, is invoked via document.write. This may be blocked by the browser if the device has poor network connectivity. See https://www.chromestatus.com/feature/5718547946799104 for more details.
Feb 04, 2017 15:13:46.83 Created new window in existing browser session.
Feb 04, 2017 15:14:41.54 Created new window in existing browser session.
Feb 04, 2017 15:15:57.84 Created new window in existing browser session.
Feb 04, 2017 15:21:44.93 Created new window in existing browser session.
Feb 04, 2017 15:27:24.04 Created new window in existing browser session.
Feb 04, 2017 15:28:24.89 Created new window in existing browser session.
Feb 04, 2017 15:31:46.90 Created new window in existing browser session.
Feb 04, 2017 15:35:48.16 Created new window in existing browser session.
Feb 04, 2017 15:40:48.86 Created new window in existing browser session.
Feb 04, 2017 15:54:07.13 Created new window in existing browser session.
Feb 04, 2017 15:55:06.32 Created new window in existing browser session.
Feb 04, 2017 16:00:25.92 Created new window in existing browser session.
Feb 04, 2017 16:16:53.92 Created new window in existing browser session.
Feb 04, 2017 16:27:50.47 Created new window in existing browser session.
Feb 04, 2017 16:34:37.86 Created new window in existing browser session.
Feb 04, 2017 16:44:01.04 Created new window in existing browser session.
Feb 04, 2017 16:52:30.03 Created new window in existing browser session.
Feb 04, 2017 16:59:08.42 Created new window in existing browser session.
Feb 04, 2017 17:12:27.12 Created new window in existing browser session.
Feb 04, 2017 17:18:02.71 Created new window in existing browser session.
Feb 04, 2017 17:29:42.54 Created new window in existing browser session.
Feb 04, 2017 17:54:11.99 Created new window in existing browser session.
Feb 04, 2017 17:55:57.13 Created new window in existing browser session.
Feb 04, 2017 18:08:45.51 Created new window in existing browser session.
Feb 04, 2017 18:10:16.78 Created new window in existing browser session.

Feb 06, 2017 09:21:10.83 NEW SESSION
Feb 06, 2017 09:21:10.83 Created new window in existing browser session.
Feb 06, 2017 09:22:31.08 Created new window in existing browser session.
Feb 06, 2017 09:24:55.30 Created new window in existing browser session.
Feb 06, 2017 11:13:04.25 Created new window in existing browser session.
Feb 06, 2017 12:11:14.27 Created new window in existing browser session.
Feb 06, 2017 12:15:59.27 Created new window in existing browser session.
Feb 06, 2017 12:22:00.80 Created new window in existing browser session.
Feb 06, 2017 12:36:18.52 Created new window in existing browser session.
Feb 06, 2017 12:37:30.58 Created new window in existing browser session.
Feb 06, 2017 12:39:37.89 Created new window in existing browser session.
Feb 06, 2017 12:44:33.78 Created new window in existing browser session.
Feb 06, 2017 13:00:43.86 Created new window in existing browser session.
Feb 06, 2017 13:07:57.79 Created new window in existing browser session.
Feb 06, 2017 13:14:01.03 Created new window in existing browser session.
Feb 06, 2017 13:22:39.02 Created new window in existing browser session.
Feb 06, 2017 13:26:29.45 Created new window in existing browser session.
Feb 06, 2017 13:26:29.50 [9507:9507:0206/132629:ERROR:broker_posix.cc(41)] Invalid node channel message

Feb 06, 2017 14:40:51.91 NEW SESSION
Feb 06, 2017 14:40:51.91 Created new window in existing browser session.
Feb 06, 2017 14:42:29.33 Created new window in existing browser session.
Feb 06, 2017 14:47:03.52 Created new window in existing browser session.
Feb 06, 2017 14:53:14.65 Created new window in existing browser session.
Feb 06, 2017 14:54:17.42 Created new window in existing browser session.
Feb 06, 2017 15:05:26.57 Created new window in existing browser session.
Feb 06, 2017 15:13:12.51 Created new window in existing browser session.
Feb 06, 2017 15:17:30.56 Created new window in existing browser session.
Feb 06, 2017 15:37:24.92 Created new window in existing browser session.
Feb 06, 2017 15:39:19.45 Created new window in existing browser session.
Feb 06, 2017 15:40:32.13 Created new window in existing browser session.
Feb 06, 2017 15:41:12.13 Created new window in existing browser session.
Feb 06, 2017 15:42:09.30 Created new window in existing browser session.
Feb 06, 2017 15:44:20.44 Created new window in existing browser session.
Feb 06, 2017 15:46:30.53 Created new window in existing browser session.
Feb 06, 2017 15:48:29.00 Created new window in existing browser session.
Feb 06, 2017 15:50:20.97 Created new window in existing browser session.
Feb 06, 2017 15:53:20.31 Created new window in existing browser session.
Feb 06, 2017 15:55:07.08 Created new window in existing browser session.
Feb 06, 2017 15:55:32.09 Created new window in existing browser session.
Feb 06, 2017 15:55:54.14 Created new window in existing browser session.
Feb 06, 2017 16:00:43.72 Created new window in existing browser session.
Feb 06, 2017 16:11:27.91 Created new window in existing browser session.
Feb 06, 2017 16:16:36.93 Created new window in existing browser session.
Feb 06, 2017 16:17:27.58 Created new window in existing browser session.
Feb 06, 2017 16:19:13.99 Created new window in existing browser session.
Feb 06, 2017 16:21:56.47 Created new window in existing browser session.
Feb 06, 2017 16:23:42.04 Created new window in existing browser session.
Feb 06, 2017 16:24:41.45 Created new window in existing browser session.
Feb 06, 2017 16:26:36.92 Created new window in existing browser session.
Feb 06, 2017 16:27:10.24 Created new window in existing browser session.
Feb 06, 2017 16:27:28.49 Created new window in existing browser session.
Feb 06, 2017 16:30:27.67 Created new window in existing browser session.
Feb 06, 2017 16:31:20.02 Created new window in existing browser session.
Feb 06, 2017 16:32:29.75 Created new window in existing browser session.
Feb 06, 2017 16:33:07.83 Created new window in existing browser session.
Feb 06, 2017 16:34:16.45 Created new window in existing browser session.
Feb 06, 2017 16:34:46.94 Created new window in existing browser session.
Feb 06, 2017 16:37:19.97 Created new window in existing browser session.
Feb 06, 2017 17:22:23.24 Created new window in existing browser session.
Feb 06, 2017 17:27:55.36 Created new window in existing browser session.
Feb 06, 2017 18:11:55.03 Created new window in existing browser session.
Feb 06, 2017 18:27:15.28 Created new window in existing browser session.
Feb 06, 2017 18:34:42.65 Created new window in existing browser session.
Feb 06, 2017 18:51:20.68 Created new window in existing browser session.
Feb 06, 2017 18:54:35.32 Created new window in existing browser session.
Feb 06, 2017 18:58:51.19 Created new window in existing browser session.
Feb 06, 2017 19:00:40.10 Created new window in existing browser session.
Feb 06, 2017 19:01:51.12 Created new window in existing browser session.
Feb 06, 2017 19:02:33.03 Created new window in existing browser session.
Feb 06, 2017 19:03:53.04 Created new window in existing browser session.
Feb 06, 2017 19:19:59.09 Created new window in existing browser session.
Feb 06, 2017 19:21:00.26 Created new window in existing browser session.
Feb 06, 2017 19:21:52.30 Created new window in existing browser session.
Feb 06, 2017 19:24:41.46 Created new window in existing browser session.
Feb 06, 2017 19:26:41.84 Created new window in existing browser session.
Feb 06, 2017 19:30:40.23 Created new window in existing browser session.

Feb 08, 2017 10:22:03.22 NEW SESSION
Feb 08, 2017 10:22:03.22 Created new window in existing browser session.
Feb 08, 2017 11:44:46.53 Created new window in existing browser session.
Feb 08, 2017 11:47:07.26 Created new window in existing browser session.
Feb 08, 2017 11:47:31.32 Created new window in existing browser session.
Feb 08, 2017 11:48:43.21 Created new window in existing browser session.
Feb 08, 2017 11:48:43.24 [8168:8168:0208/114843:ERROR:broker_posix.cc(41)] Invalid node channel message
Feb 08, 2017 11:53:36.20 Created new window in existing browser session.
Feb 08, 2017 11:54:43.74 Created new window in existing browser session.
Feb 08, 2017 12:14:38.05 Created new window in existing browser session.
Feb 08, 2017 12:22:18.41 Created new window in existing browser session.
Feb 08, 2017 12:25:28.95 Created new window in existing browser session.
Feb 08, 2017 12:26:15.19 Created new window in existing browser session.
Feb 08, 2017 12:28:44.67 Created new window in existing browser session.
Feb 08, 2017 12:30:10.03 Created new window in existing browser session.
Feb 08, 2017 12:34:40.57 Created new window in existing browser session.
Feb 08, 2017 12:40:09.85 Created new window in existing browser session.
Feb 08, 2017 12:40:28.74 Created new window in existing browser session.
Feb 08, 2017 12:42:23.33 Created new window in existing browser session.
Feb 08, 2017 12:49:04.96 Created new window in existing browser session.
Feb 08, 2017 12:49:50.20 Created new window in existing browser session.
Feb 08, 2017 12:49:50.25 [11920:11920:0208/124950:ERROR:broker_posix.cc(41)] Invalid node channel message
Feb 08, 2017 13:04:58.91 Created new window in existing browser session.
Feb 08, 2017 13:06:49.81 Created new window in existing browser session.
Feb 08, 2017 13:10:46.98 Created new window in existing browser session.
Feb 08, 2017 13:13:46.65 Created new window in existing browser session.
Feb 08, 2017 13:17:53.11 Created new window in existing browser session.
Feb 08, 2017 13:20:59.95 Created new window in existing browser session.
Feb 08, 2017 13:27:54.48 Created new window in existing browser session.
Feb 08, 2017 13:28:46.14 Created new window in existing browser session.
Feb 08, 2017 13:30:42.44 Created new window in existing browser session.
Feb 08, 2017 13:34:04.12 Created new window in existing browser session.
Feb 08, 2017 13:34:33.98 Created new window in existing browser session.
Feb 08, 2017 13:34:34.12 [15779:15779:0208/133434:ERROR:broker_posix.cc(41)] Invalid node channel message
Feb 08, 2017 13:34:59.54 Created new window in existing browser session.

Feb 08, 2017 14:40:44.29 NEW SESSION
Feb 08, 2017 14:40:44.29 Created new window in existing browser session.
Feb 08, 2017 14:40:44.36 [2705:2705:0208/144044:ERROR:broker_posix.cc(41)] Invalid node channel message
Feb 08, 2017 15:08:37.79 Created new window in existing browser session.
Feb 08, 2017 16:08:38.11 Created new window in existing browser session.

Feb 13, 2017 11:04:26.07 NEW SESSION
Feb 13, 2017 11:04:26.07 Created new window in existing browser session.
Feb 13, 2017 11:06:08.93 Created new window in existing browser session.
Feb 13, 2017 11:27:04.40 Created new window in existing browser session.
Feb 13, 2017 11:28:02.19 Created new window in existing browser session.
Feb 13, 2017 11:31:26.22 Created new window in existing browser session.
Feb 13, 2017 11:37:42.49 Created new window in existing browser session.
Feb 13, 2017 11:41:18.86 Created new window in existing browser session.
Feb 13, 2017 11:43:44.49 Created new window in existing browser session.
Feb 13, 2017 11:49:58.62 Created new window in existing browser session.
Feb 13, 2017 11:57:15.03 Created new window in existing browser session.
Feb 13, 2017 11:57:46.54 Created new window in existing browser session.
Feb 13, 2017 12:02:36.64 Created new window in existing browser session.
Feb 13, 2017 12:07:17.07 Created new window in existing browser session.
Feb 13, 2017 12:11:50.18 Created new window in existing browser session.
Feb 13, 2017 12:14:38.98 Created new window in existing browser session.
Feb 13, 2017 13:12:46.58 Created new window in existing browser session.
Feb 13, 2017 13:18:19.71 Created new window in existing browser session.
Feb 13, 2017 17:22:25.58 Created new window in existing browser session.
